<?xml version="1.0" encoding="UTF-8"?>
<!-- Generated by org.testng.reporters.JUnitReportReporter -->
<testsuite skipped="0" hostname="MacBook-Air" name="tests.TestExamples" tests="2" failures="0" timestamp="2022-02-17T10:33:29 SAST" time="4.293" errors="0">
  <testcase name="Test_2" time="1.410" classname="tests.TestExamples"/>
  <system-out/>
  <testcase name="Test_1" time="2.883" classname="tests.TestExamples"/>
  <system-out/>
</testsuite> <!-- tests.TestExamples -->
