<?xml version="1.0" encoding="UTF-8"?>
<!-- Generated by org.testng.reporters.JUnitReportReporter -->
<testsuite skipped="0" hostname="MacBook-Air" name="tests.TestExamples" tests="1" failures="0" timestamp="2021-12-21T15:23:00 SAST" time="3.532" errors="0">
  <testcase name="Test_2" time="3.532" classname="tests.TestExamples"/>
  <system-out/>
</testsuite> <!-- tests.TestExamples -->
