<?xml version="1.0" encoding="UTF-8"?>
<!-- Generated by org.testng.reporters.JUnitReportReporter -->
<testsuite skipped="0" hostname="MacBook-Air" name="tests.TestExamples" tests="1" failures="0" timestamp="2022-05-30T23:41:24 SAST" time="3.467" errors="0">
  <testcase name="Test_delete" time="3.467" classname="tests.TestExamples"/>
  <system-out/>
</testsuite> <!-- tests.TestExamples -->
