<?xml version="1.0" encoding="UTF-8"?>
<!-- Generated by org.testng.reporters.JUnitReportReporter -->
<testsuite skipped="0" hostname="MacBook-Air" name="tests.GetAndPostExamples" tests="1" failures="0" timestamp="2022-01-31T15:13:32 SAST" time="21.254" errors="0">
  <testcase name="testPost" time="21.254" classname="tests.GetAndPostExamples"/>
  <system-out/>
</testsuite> <!-- tests.GetAndPostExamples -->
